# JRE version: OpenJDK Runtime Environment Temurin-21.0.10+7 (21.0.10+7) (build 21.0.10+7-LTS)
# Java VM: OpenJDK 64-Bit Server VM Temurin-21.0.10+7 (21.0.10+7-LTS, mixed mode, sharing, tiered, compressed oops, compressed class ptrs, parallel gc, windows-amd64)
GC Precious Log:
 CardTable entry size: 512
 CPUs: 4 total, 4 available
 Memory: 8072M
 Large Page Support: Disabled
 NUMA Support: Disabled
 Compressed Oops: Enabled (32-bit)
 Alignments: Space 512K, Generation 512K, Heap 2M
 Heap Min Capacity: 100M
 Heap Initial Capacity: 100M
 Heap Max Capacity: 2G
 Pre-touch: Disabled
 Parallel Workers: 4
Heap:
 PSYoungGen      total 4608K, used 3488K [0x00000000d5580000, 0x00000000d5d00000, 0x0000000100000000)
  eden space 4096K, 82% used [0x00000000d5580000,0x00000000d58d0318,0x00000000d5980000)
  from space 512K, 18% used [0x00000000d5c80000,0x00000000d5c98000,0x00000000d5d00000)
  to   space 1024K, 0% used [0x00000000d5b00000,0x00000000d5b00000,0x00000000d5c00000)
 ParOldGen       total 1304064K, used 1303786K [0x0000000080000000, 0x00000000cf980000, 0x00000000d5580000)
  object space 1304064K, 99% used [0x0000000080000000,0x00000000cf93a978,0x00000000cf980000)
 Metaspace       used 97364K, committed 99456K, reserved 1179648K
  class space    used 9838K, committed 10880K, reserved 1048576K
GC Heap History (20 events):
Event: 28996.821 GC heap before
{Heap before GC invocations=3002 (full 7):
 PSYoungGen      total 3072K, used 2464K [0x00000000d5580000, 0x00000000d5a80000, 0x0000000100000000)
  eden space 1536K, 100% used [0x00000000d5580000,0x00000000d5700000,0x00000000d5700000)
  from space 1536K, 60% used [0x00000000d5880000,0x00000000d5968000,0x00000000d5a00000)
  to   space 1536K, 0% used [0x00000000d5700000,0x00000000d5700000,0x00000000d5880000)
 ParOldGen       total 1284608K, used 1284250K [0x0000000080000000, 0x00000000ce680000, 0x00000000d5580000)
  object space 1284608K, 99% used [0x0000000080000000,0x00000000ce626878,0x00000000ce680000)
 Metaspace       used 97361K, committed 99456K, reserved 1179648K
  class space    used 9838K, committed 10880K, reserved 1048576K
}
Event: 28996.831 GC heap after
{Heap after GC invocations=3002 (full 7):
 PSYoungGen      total 3072K, used 1312K [0x00000000d5580000, 0x00000000d5a80000, 0x0000000100000000)
  eden space 1536K, 0% used [0x00000000d5580000,0x00000000d5580000,0x00000000d5700000)
  from space 1536K, 85% used [0x00000000d5700000,0x00000000d5848000,0x00000000d5880000)
  to   space 1536K, 0% used [0x00000000d5900000,0x00000000d5900000,0x00000000d5a80000)
 ParOldGen       total 1285120K, used 1285098K [0x0000000080000000, 0x00000000ce700000, 0x00000000d5580000)
  object space 1285120K, 99% used [0x0000000080000000,0x00000000ce6fa878,0x00000000ce700000)
 Metaspace       used 97361K, committed 99456K, reserved 1179648K
  class space    used 9838K, committed 10880K, reserved 1048576K
}
Event: 28996.842 GC heap before
{Heap before GC invocations=3003 (full 7):
 PSYoungGen      total 3072K, used 2847K [0x00000000d5580000, 0x00000000d5a80000, 0x0000000100000000)
  eden space 1536K, 99% used [0x00000000d5580000,0x00000000d56fff78,0x00000000d5700000)
  from space 1536K, 85% used [0x00000000d5700000,0x00000000d5848000,0x00000000d5880000)
  to   space 1536K, 0% used [0x00000000d5900000,0x00000000d5900000,0x00000000d5a80000)
 ParOldGen       total 1285120K, used 1285098K [0x0000000080000000, 0x00000000ce700000, 0x00000000d5580000)
  object space 1285120K, 99% used [0x0000000080000000,0x00000000ce6fa878,0x00000000ce700000)
 Metaspace       used 97361K, committed 99456K, reserved 1179648K
  class space    used 9838K, committed 10880K, reserved 1048576K
}
Event: 28996.850 GC heap after
{Heap after GC invocations=3003 (full 7):
 PSYoungGen      total 3584K, used 1248K [0x00000000d5580000, 0x00000000d5a80000, 0x0000000100000000)
  eden space 2048K, 0% used [0x00000000d5580000,0x00000000d5580000,0x00000000d5780000)
  from space 1536K, 81% used [0x00000000d5900000,0x00000000d5a38000,0x00000000d5a80000)
  to   space 1536K, 0% used [0x00000000d5780000,0x00000000d5780000,0x00000000d5900000)
 ParOldGen       total 1286656K, used 1286362K [0x0000000080000000, 0x00000000ce880000, 0x00000000d5580000)
  object space 1286656K, 99% used [0x0000000080000000,0x00000000ce836878,0x00000000ce880000)
 Metaspace       used 97361K, committed 99456K, reserved 1179648K
  class space    used 9838K, committed 10880K, reserved 1048576K
}
Event: 28996.869 GC heap before
{Heap before GC invocations=3004 (full 7):
 PSYoungGen      total 3584K, used 3296K [0x00000000d5580000, 0x00000000d5a80000, 0x0000000100000000)
  eden space 2048K, 100% used [0x00000000d5580000,0x00000000d5780000,0x00000000d5780000)
  from space 1536K, 81% used [0x00000000d5900000,0x00000000d5a38000,0x00000000d5a80000)
  to   space 1536K, 0% used [0x00000000d5780000,0x00000000d5780000,0x00000000d5900000)
 ParOldGen       total 1286656K, used 1286362K [0x0000000080000000, 0x00000000ce880000, 0x00000000d5580000)
  object space 1286656K, 99% used [0x0000000080000000,0x00000000ce836878,0x00000000ce880000)
 Metaspace       used 97361K, committed 99456K, reserved 1179648K
  class space    used 9838K, committed 10880K, reserved 1048576K
}
Event: 28996.876 GC heap after
{Heap after GC invocations=3004 (full 7):
 PSYoungGen      total 3584K, used 1509K [0x00000000d5580000, 0x00000000d5f00000, 0x0000000100000000)
  eden space 2048K, 0% used [0x00000000d5580000,0x00000000d5580000,0x00000000d5780000)
  from space 1536K, 98% used [0x00000000d5780000,0x00000000d58f9700,0x00000000d5900000)
  to   space 3584K, 0% used [0x00000000d5b80000,0x00000000d5b80000,0x00000000d5f00000)
 ParOldGen       total 1287680K, used 1287661K [0x0000000080000000, 0x00000000ce980000, 0x00000000d5580000)
  object space 1287680K, 99% used [0x0000000080000000,0x00000000ce97b598,0x00000000ce980000)
 Metaspace       used 97361K, committed 99456K, reserved 1179648K
  class space    used 9838K, committed 10880K, reserved 1048576K
}
Event: 28996.902 GC heap before
{Heap before GC invocations=3005 (full 7):
 PSYoungGen      total 3584K, used 3557K [0x00000000d5580000, 0x00000000d5f00000, 0x0000000100000000)
  eden space 2048K, 100% used [0x00000000d5580000,0x00000000d5780000,0x00000000d5780000)
  from space 1536K, 98% used [0x00000000d5780000,0x00000000d58f9700,0x00000000d5900000)
  to   space 3584K, 0% used [0x00000000d5b80000,0x00000000d5b80000,0x00000000d5f00000)
 ParOldGen       total 1287680K, used 1287661K [0x0000000080000000, 0x00000000ce980000, 0x00000000d5580000)
  object space 1287680K, 99% used [0x0000000080000000,0x00000000ce97b598,0x00000000ce980000)
 Metaspace       used 97361K, committed 99456K, reserved 1179648K
  class space    used 9838K, committed 10880K, reserved 1048576K
}
Event: 28996.908 GC heap after
{Heap after GC invocations=3005 (full 7):
 PSYoungGen      total 4608K, used 1687K [0x00000000d5580000, 0x00000000d5d80000, 0x0000000100000000)
  eden space 2560K, 0% used [0x00000000d5580000,0x00000000d5580000,0x00000000d5800000)
  from space 2048K, 82% used [0x00000000d5b80000,0x00000000d5d25c00,0x00000000d5d80000)
  to   space 2560K, 0% used [0x00000000d5880000,0x00000000d5880000,0x00000000d5b00000)
 ParOldGen       total 1289216K, used 1288997K [0x0000000080000000, 0x00000000ceb00000, 0x00000000d5580000)
  object space 1289216K, 99% used [0x0000000080000000,0x00000000ceac9598,0x00000000ceb00000)
 Metaspace       used 97361K, committed 99456K, reserved 1179648K
  class space    used 9838K, committed 10880K, reserved 1048576K
}
Event: 28996.975 GC heap before
{Heap before GC invocations=3006 (full 7):
 PSYoungGen      total 4608K, used 4247K [0x00000000d5580000, 0x00000000d5d80000, 0x0000000100000000)
  eden space 2560K, 100% used [0x00000000d5580000,0x00000000d5800000,0x00000000d5800000)
  from space 2048K, 82% used [0x00000000d5b80000,0x00000000d5d25c00,0x00000000d5d80000)
  to   space 2560K, 0% used [0x00000000d5880000,0x00000000d5880000,0x00000000d5b00000)
 ParOldGen       total 1289216K, used 1288997K [0x0000000080000000, 0x00000000ceb00000, 0x00000000d5580000)
  object space 1289216K, 99% used [0x0000000080000000,0x00000000ceac9598,0x00000000ceb00000)
 Metaspace       used 97361K, committed 99456K, reserved 1179648K
  class space    used 9838K, committed 10880K, reserved 1048576K
}
Event: 28996.983 GC heap after
{Heap after GC invocations=3006 (full 7):
 PSYoungGen      total 5632K, used 2542K [0x00000000d5580000, 0x00000000d6080000, 0x0000000100000000)
  eden space 3072K, 0% used [0x00000000d5580000,0x00000000d5580000,0x00000000d5880000)
  from space 2560K, 99% used [0x00000000d5880000,0x00000000d5afb800,0x00000000d5b00000)
  to   space 4096K, 0% used [0x00000000d5c80000,0x00000000d5c80000,0x00000000d6080000)
 ParOldGen       total 1290240K, used 1289893K [0x0000000080000000, 0x00000000cec00000, 0x00000000d5580000)
  object space 1290240K, 99% used [0x0000000080000000,0x00000000ceba9598,0x00000000cec00000)
 Metaspace       used 97361K, committed 99456K, reserved 1179648K
  class space    used 9838K, committed 10880K, reserved 1048576K
}
Event: 28997.101 GC heap before
{Heap before GC invocations=3007 (full 7):
 PSYoungGen      total 5632K, used 5614K [0x00000000d5580000, 0x00000000d6080000, 0x0000000100000000)
  eden space 3072K, 100% used [0x00000000d5580000,0x00000000d5880000,0x00000000d5880000)
  from space 2560K, 99% used [0x00000000d5880000,0x00000000d5afb800,0x00000000d5b00000)
  to   space 4096K, 0% used [0x00000000d5c80000,0x00000000d5c80000,0x00000000d6080000)
 ParOldGen       total 1290240K, used 1289893K [0x0000000080000000, 0x00000000cec00000, 0x00000000d5580000)
  object space 1290240K, 99% used [0x0000000080000000,0x00000000ceba9598,0x00000000cec00000)
 Metaspace       used 97361K, committed 99456K, reserved 1179648K
  class space    used 9838K, committed 10880K, reserved 1048576K
}
Event: 28997.111 GC heap after
{Heap after GC invocations=3007 (full 7):
 PSYoungGen      total 6656K, used 3136K [0x00000000d5580000, 0x00000000d6000000, 0x0000000100000000)
  eden space 3072K, 0% used [0x00000000d5580000,0x00000000d5580000,0x00000000d5880000)
  from space 3584K, 87% used [0x00000000d5c80000,0x00000000d5f901b0,0x00000000d6000000)
  to   space 3584K, 0% used [0x00000000d5900000,0x00000000d5900000,0x00000000d5c80000)
 ParOldGen       total 1292800K, used 1292427K [0x0000000080000000, 0x00000000cee80000, 0x00000000d5580000)
  object space 1292800K, 99% used [0x0000000080000000,0x00000000cee22d98,0x00000000cee80000)
 Metaspace       used 97361K, committed 99456K, reserved 1179648K
  class space    used 9838K, committed 10880K, reserved 1048576K
}
Event: 28997.131 GC heap before
{Heap before GC invocations=3008 (full 7):
 PSYoungGen      total 6656K, used 6208K [0x00000000d5580000, 0x00000000d6000000, 0x0000000100000000)
  eden space 3072K, 100% used [0x00000000d5580000,0x00000000d5880000,0x00000000d5880000)
  from space 3584K, 87% used [0x00000000d5c80000,0x00000000d5f901b0,0x00000000d6000000)
  to   space 3584K, 0% used [0x00000000d5900000,0x00000000d5900000,0x00000000d5c80000)
 ParOldGen       total 1292800K, used 1292427K [0x0000000080000000, 0x00000000cee80000, 0x00000000d5580000)
  object space 1292800K, 99% used [0x0000000080000000,0x00000000cee22d98,0x00000000cee80000)
 Metaspace       used 97361K, committed 99456K, reserved 1179648K
  class space    used 9838K, committed 10880K, reserved 1048576K
}
Event: 28997.140 GC heap after
{Heap after GC invocations=3008 (full 7):
 PSYoungGen      total 7168K, used 3104K [0x00000000d5580000, 0x00000000d6080000, 0x0000000100000000)
  eden space 3584K, 0% used [0x00000000d5580000,0x00000000d5580000,0x00000000d5900000)
  from space 3584K, 86% used [0x00000000d5900000,0x00000000d5c08000,0x00000000d5c80000)
  to   space 3584K, 0% used [0x00000000d5d00000,0x00000000d5d00000,0x00000000d6080000)
 ParOldGen       total 1295872K, used 1295507K [0x0000000080000000, 0x00000000cf180000, 0x00000000d5580000)
  object space 1295872K, 99% used [0x0000000080000000,0x00000000cf124f48,0x00000000cf180000)
 Metaspace       used 97361K, committed 99456K, reserved 1179648K
  class space    used 9838K, committed 10880K, reserved 1048576K
}
Event: 28997.173 GC heap before
{Heap before GC invocations=3009 (full 7):
 PSYoungGen      total 7168K, used 6688K [0x00000000d5580000, 0x00000000d6080000, 0x0000000100000000)
  eden space 3584K, 100% used [0x00000000d5580000,0x00000000d5900000,0x00000000d5900000)
  from space 3584K, 86% used [0x00000000d5900000,0x00000000d5c08000,0x00000000d5c80000)
  to   space 3584K, 0% used [0x00000000d5d00000,0x00000000d5d00000,0x00000000d6080000)
 ParOldGen       total 1295872K, used 1295507K [0x0000000080000000, 0x00000000cf180000, 0x00000000d5580000)
  object space 1295872K, 99% used [0x0000000080000000,0x00000000cf124f48,0x00000000cf180000)
 Metaspace       used 97361K, committed 99456K, reserved 1179648K
  class space    used 9838K, committed 10880K, reserved 1048576K
}
Event: 28997.183 GC heap after
{Heap after GC invocations=3009 (full 7):
 PSYoungGen      total 7680K, used 3424K [0x00000000d5580000, 0x00000000d6100000, 0x0000000100000000)
  eden space 4096K, 0% used [0x00000000d5580000,0x00000000d5580000,0x00000000d5980000)
  from space 3584K, 95% used [0x00000000d5d00000,0x00000000d6058000,0x00000000d6080000)
  to   space 3584K, 0% used [0x00000000d5980000,0x00000000d5980000,0x00000000d5d00000)
 ParOldGen       total 1298944K, used 1298595K [0x0000000080000000, 0x00000000cf480000, 0x00000000d5580000)
  object space 1298944K, 99% used [0x0000000080000000,0x00000000cf428f48,0x00000000cf480000)
 Metaspace       used 97361K, committed 99456K, reserved 1179648K
  class space    used 9838K, committed 10880K, reserved 1048576K
}
Event: 29004.751 GC heap before
{Heap before GC invocations=3010 (full 7):
 PSYoungGen      total 7680K, used 7520K [0x00000000d5580000, 0x00000000d6100000, 0x0000000100000000)
  eden space 4096K, 100% used [0x00000000d5580000,0x00000000d5980000,0x00000000d5980000)
  from space 3584K, 95% used [0x00000000d5d00000,0x00000000d6058000,0x00000000d6080000)
  to   space 3584K, 0% used [0x00000000d5980000,0x00000000d5980000,0x00000000d5d00000)
 ParOldGen       total 1298944K, used 1298595K [0x0000000080000000, 0x00000000cf480000, 0x00000000d5580000)
  object space 1298944K, 99% used [0x0000000080000000,0x00000000cf428f48,0x00000000cf480000)
 Metaspace       used 97364K, committed 99456K, reserved 1179648K
  class space    used 9838K, committed 10880K, reserved 1048576K
}
Event: 29004.760 GC heap after
{Heap after GC invocations=3010 (full 7):
 PSYoungGen      total 6656K, used 2112K [0x00000000d5580000, 0x00000000d5f80000, 0x0000000100000000)
  eden space 4096K, 0% used [0x00000000d5580000,0x00000000d5580000,0x00000000d5980000)
  from space 2560K, 82% used [0x00000000d5980000,0x00000000d5b90000,0x00000000d5c00000)
  to   space 3072K, 0% used [0x00000000d5c80000,0x00000000d5c80000,0x00000000d5f80000)
 ParOldGen       total 1302016K, used 1301731K [0x0000000080000000, 0x00000000cf780000, 0x00000000d5580000)
  object space 1302016K, 99% used [0x0000000080000000,0x00000000cf738f48,0x00000000cf780000)
 Metaspace       used 97364K, committed 99456K, reserved 1179648K
  class space    used 9838K, committed 10880K, reserved 1048576K
}
Event: 41123.882 GC heap before
{Heap before GC invocations=3011 (full 7):
 PSYoungGen      total 6656K, used 6208K [0x00000000d5580000, 0x00000000d5f80000, 0x0000000100000000)
  eden space 4096K, 100% used [0x00000000d5580000,0x00000000d5980000,0x00000000d5980000)
  from space 2560K, 82% used [0x00000000d5980000,0x00000000d5b90000,0x00000000d5c00000)
  to   space 3072K, 0% used [0x00000000d5c80000,0x00000000d5c80000,0x00000000d5f80000)
 ParOldGen       total 1302016K, used 1301731K [0x0000000080000000, 0x00000000cf780000, 0x00000000d5580000)
  object space 1302016K, 99% used [0x0000000080000000,0x00000000cf738f48,0x00000000cf780000)
 Metaspace       used 97364K, committed 99456K, reserved 1179648K
  class space    used 9838K, committed 10880K, reserved 1048576K
}
Event: 41125.462 GC heap after
{Heap after GC invocations=3011 (full 7):
 PSYoungGen      total 4608K, used 96K [0x00000000d5580000, 0x00000000d5d00000, 0x0000000100000000)
  eden space 4096K, 0% used [0x00000000d5580000,0x00000000d5580000,0x00000000d5980000)
  from space 512K, 18% used [0x00000000d5c80000,0x00000000d5c98000,0x00000000d5d00000)
  to   space 1024K, 0% used [0x00000000d5b00000,0x00000000d5b00000,0x00000000d5c00000)
 ParOldGen       total 1304064K, used 1303786K [0x0000000080000000, 0x00000000cf980000, 0x00000000d5580000)
  object space 1304064K, 99% used [0x0000000080000000,0x00000000cf93a978,0x00000000cf980000)
 Metaspace       used 97364K, committed 99456K, reserved 1179648K
  class space    used 9838K, committed 10880K, reserved 1048576K
}

