# JRE version: OpenJDK Runtime Environment Temurin-21.0.10+7 (21.0.10+7) (build 21.0.10+7-LTS)
# Java VM: OpenJDK 64-Bit Server VM Temurin-21.0.10+7 (21.0.10+7-LTS, mixed mode, sharing, tiered, compressed oops, compressed class ptrs, parallel gc, windows-amd64)
GC Precious Log:
 CardTable entry size: 512
 CPUs: 4 total, 4 available
 Memory: 8072M
 Large Page Support: Disabled
 NUMA Support: Disabled
 Compressed Oops: Enabled (32-bit)
 Alignments: Space 512K, Generation 512K, Heap 2M
 Heap Min Capacity: 100M
 Heap Initial Capacity: 100M
 Heap Max Capacity: 2G
 Pre-touch: Disabled
 Parallel Workers: 4
Heap:
 PSYoungGen      total 16896K, used 2540K [0x00000000d5580000, 0x00000000d6980000, 0x0000000100000000)
  eden space 15872K, 12% used [0x00000000d5580000,0x00000000d5761df0,0x00000000d6500000)
  from space 1024K, 59% used [0x00000000d6880000,0x00000000d6919230,0x00000000d6980000)
  to   space 1024K, 0% used [0x00000000d6780000,0x00000000d6780000,0x00000000d6880000)
 ParOldGen       total 100352K, used 100186K [0x0000000080000000, 0x0000000086200000, 0x00000000d5580000)
  object space 100352K, 99% used [0x0000000080000000,0x00000000861d6aa8,0x0000000086200000)
 Metaspace       used 79366K, committed 81024K, reserved 1179648K
  class space    used 8542K, committed 9216K, reserved 1048576K
GC Heap History (20 events):
Event: 292.939 GC heap before
{Heap before GC invocations=104 (full 3):
 PSYoungGen      total 16384K, used 16242K [0x00000000d5580000, 0x00000000d6800000, 0x0000000100000000)
  eden space 15872K, 100% used [0x00000000d5580000,0x00000000d6500000,0x00000000d6500000)
  from space 512K, 72% used [0x00000000d6780000,0x00000000d67dca50,0x00000000d6800000)
  to   space 1024K, 0% used [0x00000000d6600000,0x00000000d6600000,0x00000000d6700000)
 ParOldGen       total 93696K, used 93378K [0x0000000080000000, 0x0000000085b80000, 0x00000000d5580000)
  object space 93696K, 99% used [0x0000000080000000,0x0000000085b309e0,0x0000000085b80000)
 Metaspace       used 74352K, committed 75904K, reserved 1179648K
  class space    used 7941K, committed 8576K, reserved 1048576K
}
Event: 292.941 GC heap after
{Heap after GC invocations=104 (full 3):
 PSYoungGen      total 16896K, used 449K [0x00000000d5580000, 0x00000000d6800000, 0x0000000100000000)
  eden space 15872K, 0% used [0x00000000d5580000,0x00000000d5580000,0x00000000d6500000)
  from space 1024K, 43% used [0x00000000d6600000,0x00000000d66705d8,0x00000000d6700000)
  to   space 1024K, 0% used [0x00000000d6700000,0x00000000d6700000,0x00000000d6800000)
 ParOldGen       total 93696K, used 93642K [0x0000000080000000, 0x0000000085b80000, 0x00000000d5580000)
  object space 93696K, 99% used [0x0000000080000000,0x0000000085b729f0,0x0000000085b80000)
 Metaspace       used 74352K, committed 75904K, reserved 1179648K
  class space    used 7941K, committed 8576K, reserved 1048576K
}
Event: 35717.601 GC heap before
{Heap before GC invocations=105 (full 3):
 PSYoungGen      total 16896K, used 16321K [0x00000000d5580000, 0x00000000d6800000, 0x0000000100000000)
  eden space 15872K, 100% used [0x00000000d5580000,0x00000000d6500000,0x00000000d6500000)
  from space 1024K, 43% used [0x00000000d6600000,0x00000000d66705d8,0x00000000d6700000)
  to   space 1024K, 0% used [0x00000000d6700000,0x00000000d6700000,0x00000000d6800000)
 ParOldGen       total 93696K, used 93642K [0x0000000080000000, 0x0000000085b80000, 0x00000000d5580000)
  object space 93696K, 99% used [0x0000000080000000,0x0000000085b729f0,0x0000000085b80000)
 Metaspace       used 75521K, committed 77120K, reserved 1179648K
  class space    used 8095K, committed 8768K, reserved 1048576K
}
Event: 35718.065 GC heap after
{Heap after GC invocations=105 (full 3):
 PSYoungGen      total 16384K, used 352K [0x00000000d5580000, 0x00000000d6780000, 0x0000000100000000)
  eden space 15872K, 0% used [0x00000000d5580000,0x00000000d5580000,0x00000000d6500000)
  from space 512K, 68% used [0x00000000d6700000,0x00000000d6758000,0x00000000d6780000)
  to   space 512K, 0% used [0x00000000d6680000,0x00000000d6680000,0x00000000d6700000)
 ParOldGen       total 94208K, used 93969K [0x0000000080000000, 0x0000000085c00000, 0x00000000d5580000)
  object space 94208K, 99% used [0x0000000080000000,0x0000000085bc4600,0x0000000085c00000)
 Metaspace       used 75521K, committed 77120K, reserved 1179648K
  class space    used 8095K, committed 8768K, reserved 1048576K
}
Event: 65777.443 GC heap before
{Heap before GC invocations=106 (full 3):
 PSYoungGen      total 16384K, used 16224K [0x00000000d5580000, 0x00000000d6780000, 0x0000000100000000)
  eden space 15872K, 100% used [0x00000000d5580000,0x00000000d6500000,0x00000000d6500000)
  from space 512K, 68% used [0x00000000d6700000,0x00000000d6758000,0x00000000d6780000)
  to   space 512K, 0% used [0x00000000d6680000,0x00000000d6680000,0x00000000d6700000)
 ParOldGen       total 94208K, used 93969K [0x0000000080000000, 0x0000000085c00000, 0x00000000d5580000)
  object space 94208K, 99% used [0x0000000080000000,0x0000000085bc4600,0x0000000085c00000)
 Metaspace       used 75789K, committed 77376K, reserved 1179648K
  class space    used 8141K, committed 8832K, reserved 1048576K
}
Event: 65777.516 GC heap after
{Heap after GC invocations=106 (full 3):
 PSYoungGen      total 16384K, used 500K [0x00000000d5580000, 0x00000000d6800000, 0x0000000100000000)
  eden space 15872K, 0% used [0x00000000d5580000,0x00000000d5580000,0x00000000d6500000)
  from space 512K, 97% used [0x00000000d6680000,0x00000000d66fd280,0x00000000d6700000)
  to   space 1024K, 0% used [0x00000000d6700000,0x00000000d6700000,0x00000000d6800000)
 ParOldGen       total 95232K, used 94732K [0x0000000080000000, 0x0000000085d00000, 0x00000000d5580000)
  object space 95232K, 99% used [0x0000000080000000,0x0000000085c83320,0x0000000085d00000)
 Metaspace       used 75789K, committed 77376K, reserved 1179648K
  class space    used 8141K, committed 8832K, reserved 1048576K
}
Event: 65778.617 GC heap before
{Heap before GC invocations=107 (full 3):
 PSYoungGen      total 16384K, used 16372K [0x00000000d5580000, 0x00000000d6800000, 0x0000000100000000)
  eden space 15872K, 100% used [0x00000000d5580000,0x00000000d6500000,0x00000000d6500000)
  from space 512K, 97% used [0x00000000d6680000,0x00000000d66fd280,0x00000000d6700000)
  to   space 1024K, 0% used [0x00000000d6700000,0x00000000d6700000,0x00000000d6800000)
 ParOldGen       total 95232K, used 94732K [0x0000000080000000, 0x0000000085d00000, 0x00000000d5580000)
  object space 95232K, 99% used [0x0000000080000000,0x0000000085c83320,0x0000000085d00000)
 Metaspace       used 76028K, committed 77632K, reserved 1179648K
  class space    used 8166K, committed 8832K, reserved 1048576K
}
Event: 65778.624 GC heap after
{Heap after GC invocations=107 (full 3):
 PSYoungGen      total 16896K, used 993K [0x00000000d5580000, 0x00000000d6900000, 0x0000000100000000)
  eden space 15872K, 0% used [0x00000000d5580000,0x00000000d5580000,0x00000000d6500000)
  from space 1024K, 97% used [0x00000000d6700000,0x00000000d67f86f8,0x00000000d6800000)
  to   space 2048K, 0% used [0x00000000d6500000,0x00000000d6500000,0x00000000d6700000)
 ParOldGen       total 95744K, used 95443K [0x0000000080000000, 0x0000000085d80000, 0x00000000d5580000)
  object space 95744K, 99% used [0x0000000080000000,0x0000000085d34d78,0x0000000085d80000)
 Metaspace       used 76028K, committed 77632K, reserved 1179648K
  class space    used 8166K, committed 8832K, reserved 1048576K
}
Event: 65778.829 GC heap before
{Heap before GC invocations=108 (full 3):
 PSYoungGen      total 16896K, used 16865K [0x00000000d5580000, 0x00000000d6900000, 0x0000000100000000)
  eden space 15872K, 100% used [0x00000000d5580000,0x00000000d6500000,0x00000000d6500000)
  from space 1024K, 97% used [0x00000000d6700000,0x00000000d67f86f8,0x00000000d6800000)
  to   space 2048K, 0% used [0x00000000d6500000,0x00000000d6500000,0x00000000d6700000)
 ParOldGen       total 95744K, used 95443K [0x0000000080000000, 0x0000000085d80000, 0x00000000d5580000)
  object space 95744K, 99% used [0x0000000080000000,0x0000000085d34d78,0x0000000085d80000)
 Metaspace       used 76129K, committed 77696K, reserved 1179648K
  class space    used 8166K, committed 8832K, reserved 1048576K
}
Event: 65778.845 GC heap after
{Heap after GC invocations=108 (full 3):
 PSYoungGen      total 17920K, used 2040K [0x00000000d5580000, 0x00000000d7100000, 0x0000000100000000)
  eden space 15872K, 0% used [0x00000000d5580000,0x00000000d5580000,0x00000000d6500000)
  from space 2048K, 99% used [0x00000000d6500000,0x00000000d66fe1b0,0x00000000d6700000)
  to   space 6144K, 0% used [0x00000000d6b00000,0x00000000d6b00000,0x00000000d7100000)
 ParOldGen       total 98816K, used 98637K [0x0000000080000000, 0x0000000086080000, 0x00000000d5580000)
  object space 98816K, 99% used [0x0000000080000000,0x0000000086053628,0x0000000086080000)
 Metaspace       used 76129K, committed 77696K, reserved 1179648K
  class space    used 8166K, committed 8832K, reserved 1048576K
}
Event: 65779.016 GC heap before
{Heap before GC invocations=109 (full 3):
 PSYoungGen      total 17920K, used 17912K [0x00000000d5580000, 0x00000000d7100000, 0x0000000100000000)
  eden space 15872K, 100% used [0x00000000d5580000,0x00000000d6500000,0x00000000d6500000)
  from space 2048K, 99% used [0x00000000d6500000,0x00000000d66fe1b0,0x00000000d6700000)
  to   space 6144K, 0% used [0x00000000d6b00000,0x00000000d6b00000,0x00000000d7100000)
 ParOldGen       total 98816K, used 98637K [0x0000000080000000, 0x0000000086080000, 0x00000000d5580000)
  object space 98816K, 99% used [0x0000000080000000,0x0000000086053628,0x0000000086080000)
 Metaspace       used 76143K, committed 77760K, reserved 1179648K
  class space    used 8167K, committed 8832K, reserved 1048576K
}
Event: 65779.020 GC heap after
{Heap after GC invocations=109 (full 3):
 PSYoungGen      total 18432K, used 2136K [0x00000000d5580000, 0x00000000d6d80000, 0x0000000100000000)
  eden space 15872K, 0% used [0x00000000d5580000,0x00000000d5580000,0x00000000d6500000)
  from space 2560K, 83% used [0x00000000d6b00000,0x00000000d6d161b0,0x00000000d6d80000)
  to   space 3584K, 0% used [0x00000000d6680000,0x00000000d6680000,0x00000000d6a00000)
 ParOldGen       total 99328K, used 99301K [0x0000000080000000, 0x0000000086100000, 0x00000000d5580000)
  object space 99328K, 99% used [0x0000000080000000,0x00000000860f9628,0x0000000086100000)
 Metaspace       used 76143K, committed 77760K, reserved 1179648K
  class space    used 8167K, committed 8832K, reserved 1048576K
}
Event: 65779.122 GC heap before
{Heap before GC invocations=110 (full 3):
 PSYoungGen      total 18432K, used 18008K [0x00000000d5580000, 0x00000000d6d80000, 0x0000000100000000)
  eden space 15872K, 100% used [0x00000000d5580000,0x00000000d6500000,0x00000000d6500000)
  from space 2560K, 83% used [0x00000000d6b00000,0x00000000d6d161b0,0x00000000d6d80000)
  to   space 3584K, 0% used [0x00000000d6680000,0x00000000d6680000,0x00000000d6a00000)
 ParOldGen       total 99328K, used 99301K [0x0000000080000000, 0x0000000086100000, 0x00000000d5580000)
  object space 99328K, 99% used [0x0000000080000000,0x00000000860f9628,0x0000000086100000)
 Metaspace       used 76163K, committed 77760K, reserved 1179648K
  class space    used 8168K, committed 8832K, reserved 1048576K
}
Event: 65779.126 GC heap after
{Heap after GC invocations=110 (full 3):
 PSYoungGen      total 17920K, used 2046K [0x00000000d5580000, 0x00000000d6b80000, 0x0000000100000000)
  eden space 15872K, 0% used [0x00000000d5580000,0x00000000d5580000,0x00000000d6500000)
  from space 2048K, 99% used [0x00000000d6680000,0x00000000d687f8b0,0x00000000d6880000)
  to   space 2560K, 0% used [0x00000000d6900000,0x00000000d6900000,0x00000000d6b80000)
 ParOldGen       total 99840K, used 99377K [0x0000000080000000, 0x0000000086180000, 0x00000000d5580000)
  object space 99840K, 99% used [0x0000000080000000,0x000000008610c750,0x0000000086180000)
 Metaspace       used 76163K, committed 77760K, reserved 1179648K
  class space    used 8168K, committed 8832K, reserved 1048576K
}
Event: 66240.308 GC heap before
{Heap before GC invocations=111 (full 3):
 PSYoungGen      total 17920K, used 17891K [0x00000000d5580000, 0x00000000d6b80000, 0x0000000100000000)
  eden space 15872K, 99% used [0x00000000d5580000,0x00000000d64f9658,0x00000000d6500000)
  from space 2048K, 99% used [0x00000000d6680000,0x00000000d687f8b0,0x00000000d6880000)
  to   space 2560K, 0% used [0x00000000d6900000,0x00000000d6900000,0x00000000d6b80000)
 ParOldGen       total 99840K, used 99377K [0x0000000080000000, 0x0000000086180000, 0x00000000d5580000)
  object space 99840K, 99% used [0x0000000080000000,0x000000008610c750,0x0000000086180000)
 Metaspace       used 76502K, committed 78016K, reserved 1179648K
  class space    used 8187K, committed 8832K, reserved 1048576K
}
Event: 66240.343 GC heap after
{Heap after GC invocations=111 (full 3):
 PSYoungGen      total 16384K, used 288K [0x00000000d5580000, 0x00000000d6980000, 0x0000000100000000)
  eden space 15872K, 0% used [0x00000000d5580000,0x00000000d5580000,0x00000000d6500000)
  from space 512K, 56% used [0x00000000d6900000,0x00000000d6948020,0x00000000d6980000)
  to   space 1024K, 0% used [0x00000000d6780000,0x00000000d6780000,0x00000000d6880000)
 ParOldGen       total 99840K, used 99491K [0x0000000080000000, 0x0000000086180000, 0x00000000d5580000)
  object space 99840K, 99% used [0x0000000080000000,0x0000000086128fe0,0x0000000086180000)
 Metaspace       used 76502K, committed 78016K, reserved 1179648K
  class space    used 8187K, committed 8832K, reserved 1048576K
}
Event: 66243.245 GC heap before
{Heap before GC invocations=112 (full 3):
 PSYoungGen      total 16384K, used 16160K [0x00000000d5580000, 0x00000000d6980000, 0x0000000100000000)
  eden space 15872K, 100% used [0x00000000d5580000,0x00000000d6500000,0x00000000d6500000)
  from space 512K, 56% used [0x00000000d6900000,0x00000000d6948020,0x00000000d6980000)
  to   space 1024K, 0% used [0x00000000d6780000,0x00000000d6780000,0x00000000d6880000)
 ParOldGen       total 99840K, used 99491K [0x0000000080000000, 0x0000000086180000, 0x00000000d5580000)
  object space 99840K, 99% used [0x0000000080000000,0x0000000086128fe0,0x0000000086180000)
 Metaspace       used 78447K, committed 80064K, reserved 1179648K
  class space    used 8430K, committed 9152K, reserved 1048576K
}
Event: 66243.251 GC heap after
{Heap after GC invocations=112 (full 3):
 PSYoungGen      total 16896K, used 639K [0x00000000d5580000, 0x00000000d6980000, 0x0000000100000000)
  eden space 15872K, 0% used [0x00000000d5580000,0x00000000d5580000,0x00000000d6500000)
  from space 1024K, 62% used [0x00000000d6780000,0x00000000d681fc48,0x00000000d6880000)
  to   space 1024K, 0% used [0x00000000d6880000,0x00000000d6880000,0x00000000d6980000)
 ParOldGen       total 99840K, used 99652K [0x0000000080000000, 0x0000000086180000, 0x00000000d5580000)
  object space 99840K, 99% used [0x0000000080000000,0x0000000086151000,0x0000000086180000)
 Metaspace       used 78447K, committed 80064K, reserved 1179648K
  class space    used 8430K, committed 9152K, reserved 1048576K
}
Event: 67586.436 GC heap before
{Heap before GC invocations=113 (full 3):
 PSYoungGen      total 16896K, used 16510K [0x00000000d5580000, 0x00000000d6980000, 0x0000000100000000)
  eden space 15872K, 99% used [0x00000000d5580000,0x00000000d64fffb0,0x00000000d6500000)
  from space 1024K, 62% used [0x00000000d6780000,0x00000000d681fc48,0x00000000d6880000)
  to   space 1024K, 0% used [0x00000000d6880000,0x00000000d6880000,0x00000000d6980000)
 ParOldGen       total 99840K, used 99652K [0x0000000080000000, 0x0000000086180000, 0x00000000d5580000)
  object space 99840K, 99% used [0x0000000080000000,0x0000000086151000,0x0000000086180000)
 Metaspace       used 79326K, committed 80960K, reserved 1179648K
  class space    used 8542K, committed 9216K, reserved 1048576K
}
Event: 67586.552 GC heap after
{Heap after GC invocations=113 (full 3):
 PSYoungGen      total 16896K, used 612K [0x00000000d5580000, 0x00000000d6980000, 0x0000000100000000)
  eden space 15872K, 0% used [0x00000000d5580000,0x00000000d5580000,0x00000000d6500000)
  from space 1024K, 59% used [0x00000000d6880000,0x00000000d6919230,0x00000000d6980000)
  to   space 1024K, 0% used [0x00000000d6780000,0x00000000d6780000,0x00000000d6880000)
 ParOldGen       total 100352K, used 100186K [0x0000000080000000, 0x0000000086200000, 0x00000000d5580000)
  object space 100352K, 99% used [0x0000000080000000,0x00000000861d6aa8,0x0000000086200000)
 Metaspace       used 79326K, committed 80960K, reserved 1179648K
  class space    used 8542K, committed 9216K, reserved 1048576K
}

